2017-09-14 22:52:52,287 [ INFO ] [.ChromeJodFinderApplicationTests ] - Starting ChromeJodFinderApplicationTests on ANDREY-NOTE-HP with PID 8568 (started by cdc89 in C:\workspace\Chrome-Jod-Finder)
2017-09-14 22:52:52,451 [ INFO ] [.ChromeJodFinderApplicationTests ] - No active profile set, falling back to default profiles: default
2017-09-14 22:52:53,298 [ INFO ] [ort.GenericWebApplicationContext ] - Refreshing org.springframework.web.context.support.GenericWebApplicationContext@5e403b4a: startup date [Thu Sep 14 22:52:53 EEST 2017]; root of context hierarchy
2017-09-14 22:52:53,842 [ INFO ] [.validator.internal.util.Version ] - HV000001: Hibernate Validator 5.3.4.Final
2017-09-14 22:52:57,604 [ INFO ] [elegate$BeanPostProcessorChecker ] - Bean 'org.springframework.boot.autoconfigure.validation.ValidationAutoConfiguration' of type [class org.springframework.boot.autoconfigure.validation.ValidationAutoConfiguration] is not eligible for getting processed by all BeanPostProcessors (for example: not eligible for auto-proxying)
2017-09-14 22:52:57,897 [ INFO ] [elegate$BeanPostProcessorChecker ] - Bean 'validator' of type [class org.springframework.validation.beanvalidation.LocalValidatorFactoryBean] is not eligible for getting processed by all BeanPostProcessors (for example: not eligible for auto-proxying)
2017-09-14 22:52:58,019 [ INFO ] [elegate$BeanPostProcessorChecker ] - Bean 'org.springframework.transaction.annotation.ProxyTransactionManagementConfiguration' of type [class org.springframework.transaction.annotation.ProxyTransactionManagementConfiguration$$EnhancerBySpringCGLIB$$448f7e4d] is not eligible for getting processed by all BeanPostProcessors (for example: not eligible for auto-proxying)
2017-09-14 22:53:00,578 [ INFO ] [ontainerEntityManagerFactoryBean ] - Building JPA container EntityManagerFactory for persistence unit 'default'
2017-09-14 22:53:00,630 [ INFO ] [nate.jpa.internal.util.LogHelper ] - HHH000204: Processing PersistenceUnitInfo [
	name: default
	...]
2017-09-14 22:53:00,917 [ INFO ] [           org.hibernate.Version ] - HHH000412: Hibernate Core {5.0.11.Final}
2017-09-14 22:53:00,921 [ INFO ] [   org.hibernate.cfg.Environment ] - HHH000206: hibernate.properties not found
2017-09-14 22:53:00,925 [ INFO ] [   org.hibernate.cfg.Environment ] - HHH000021: Bytecode provider name : javassist
2017-09-14 22:53:01,064 [ INFO ] [rnate.annotations.common.Version ] - HCANN000001: Hibernate Commons Annotations {5.0.1.Final}
2017-09-14 22:53:01,508 [ INFO ] [   org.hibernate.dialect.Dialect ] - HHH000400: Using dialect: org.hibernate.dialect.MySQLDialect
2017-09-14 22:53:03,505 [ INFO ] [ernate.tool.hbm2ddl.SchemaUpdate ] - HHH000228: Running hbm2ddl schema update
2017-09-14 22:53:03,933 [ INFO ] [ontainerEntityManagerFactoryBean ] - Initialized JPA EntityManagerFactory for persistence unit 'default'
2017-09-14 22:53:08,238 [ INFO ] [ion.RequestMappingHandlerAdapter ] - Looking for @ControllerAdvice: org.springframework.web.context.support.GenericWebApplicationContext@5e403b4a: startup date [Thu Sep 14 22:52:53 EEST 2017]; root of context hierarchy
2017-09-14 22:53:08,532 [ INFO ] [ion.RequestMappingHandlerMapping ] - Mapped "{[/job/new],methods=[POST]}" onto public java.lang.String com.sanda.chrome.controllers.NewJobController.save(com.sanda.chrome.domain.entity.Job,org.springframework.ui.Model) throws java.io.IOException,javax.servlet.ServletException,java.lang.IllegalAccessException
2017-09-14 22:53:08,537 [ INFO ] [ion.RequestMappingHandlerMapping ] - Mapped "{[/error]}" onto public org.springframework.http.ResponseEntity<java.util.Map<java.lang.String, java.lang.Object>> org.springframework.boot.autoconfigure.web.BasicErrorController.error(javax.servlet.http.HttpServletRequest)
2017-09-14 22:53:08,538 [ INFO ] [ion.RequestMappingHandlerMapping ] - Mapped "{[/error],produces=[text/html]}" onto public org.springframework.web.servlet.ModelAndView org.springframework.boot.autoconfigure.web.BasicErrorController.errorHtml(javax.servlet.http.HttpServletRequest,javax.servlet.http.HttpServletResponse)
2017-09-14 22:53:08,648 [ INFO ] [.handler.SimpleUrlHandlerMapping ] - Mapped URL path [/webjars/**] onto handler of type [class org.springframework.web.servlet.resource.ResourceHttpRequestHandler]
2017-09-14 22:53:08,649 [ INFO ] [.handler.SimpleUrlHandlerMapping ] - Mapped URL path [/**] onto handler of type [class org.springframework.web.servlet.resource.ResourceHttpRequestHandler]
2017-09-14 22:53:08,840 [ INFO ] [.handler.SimpleUrlHandlerMapping ] - Mapped URL path [/**/favicon.ico] onto handler of type [class org.springframework.web.servlet.resource.ResourceHttpRequestHandler]
2017-09-14 22:53:09,947 [ INFO ] [ration$WelcomePageHandlerMapping ] - Adding welcome page: ServletContext resource [/index.html]
2017-09-14 22:53:10,640 [ INFO ] [duledAnnotationBeanPostProcessor ] - No TaskScheduler/ScheduledExecutorService bean found for scheduled processing
2017-09-14 22:53:10,676 [ INFO ] [.ChromeJodFinderApplicationTests ] - Started ChromeJodFinderApplicationTests in 19.535 seconds (JVM running for 22.938)
2017-09-14 22:53:10,853 [ INFO ] [pringBootTestContextBootstrapper ] - Neither @ContextConfiguration nor @ContextHierarchy found for test class [com.sanda.chrome.freelancehunt.ProviderTest], using SpringBootContextLoader
2017-09-14 22:53:10,863 [ INFO ] [xt.support.AbstractContextLoader ] - Could not detect default resource locations for test class [com.sanda.chrome.freelancehunt.ProviderTest]: no resource found for suffixes {-context.xml, Context.groovy}.
2017-09-14 22:53:10,864 [ INFO ] [notationConfigContextLoaderUtils ] - Could not detect default configuration classes for test class [com.sanda.chrome.freelancehunt.ProviderTest]: ProviderTest does not declare any static, non-private, non-final, nested classes annotated with @Configuration.
2017-09-14 22:53:10,888 [ INFO ] [pringBootTestContextBootstrapper ] - Found @SpringBootConfiguration com.sanda.chrome.ChromeJodFinderApplication for test class com.sanda.chrome.freelancehunt.ProviderTest
2017-09-14 22:53:10,933 [ INFO ] [pringBootTestContextBootstrapper ] - Loaded default TestExecutionListener class names from location [META-INF/spring.factories]: [org.springframework.boot.test.mock.mockito.MockitoTestExecutionListener, org.springframework.boot.test.mock.mockito.ResetMocksTestExecutionListener, org.springframework.boot.test.autoconfigure.restdocs.RestDocsTestExecutionListener, org.springframework.boot.test.autoconfigure.web.client.MockRestServiceServerResetTestExecutionListener, org.springframework.boot.test.autoconfigure.web.servlet.MockMvcPrintOnlyOnFailureTestExecutionListener, org.springframework.boot.test.autoconfigure.web.servlet.WebDriverTestExecutionListener, org.springframework.test.context.web.ServletTestExecutionListener, org.springframework.test.context.support.DirtiesContextBeforeModesTestExecutionListener, org.springframework.test.context.support.DependencyInjectionTestExecutionListener, org.springframework.test.context.support.DirtiesContextTestExecutionListener, org.springframework.test.context.transaction.TransactionalTestExecutionListener, org.springframework.test.context.jdbc.SqlScriptsTestExecutionListener]
2017-09-14 22:53:10,944 [ INFO ] [pringBootTestContextBootstrapper ] - Using TestExecutionListeners: [org.springframework.test.context.web.ServletTestExecutionListener@6bdedbbd, org.springframework.test.context.support.DirtiesContextBeforeModesTestExecutionListener@47b961e2, org.springframework.boot.test.autoconfigure.SpringBootDependencyInjectionTestExecutionListener@d2cb2d0, org.springframework.test.context.support.DirtiesContextTestExecutionListener@2d230cff, org.springframework.test.context.transaction.TransactionalTestExecutionListener@30bd39d5, org.springframework.test.context.jdbc.SqlScriptsTestExecutionListener@3c87e851, org.springframework.boot.test.autoconfigure.web.servlet.MockMvcPrintOnlyOnFailureTestExecutionListener@54556723, org.springframework.boot.test.mock.mockito.MockitoTestExecutionListener@6124dda2, org.springframework.boot.test.autoconfigure.web.servlet.WebDriverTestExecutionListener@380e33c2, org.springframework.boot.test.mock.mockito.ResetMocksTestExecutionListener@3bc891f2, org.springframework.boot.test.autoconfigure.web.client.MockRestServiceServerResetTestExecutionListener@445b85d7, org.springframework.boot.test.autoconfigure.restdocs.RestDocsTestExecutionListener@3d59933]
2017-09-14 22:53:13,583 [ INFO ] [.QueryTranslatorFactoryInitiator ] - HHH000397: Using ASTQueryTranslatorFactory
2017-09-14 22:53:15,910 [ INFO ] [pringBootTestContextBootstrapper ] - Neither @ContextConfiguration nor @ContextHierarchy found for test class [com.sanda.chrome.ProviderTest], using SpringBootContextLoader
2017-09-14 22:53:15,912 [ INFO ] [xt.support.AbstractContextLoader ] - Could not detect default resource locations for test class [com.sanda.chrome.ProviderTest]: no resource found for suffixes {-context.xml, Context.groovy}.
2017-09-14 22:53:15,912 [ INFO ] [notationConfigContextLoaderUtils ] - Could not detect default configuration classes for test class [com.sanda.chrome.ProviderTest]: ProviderTest does not declare any static, non-private, non-final, nested classes annotated with @Configuration.
2017-09-14 22:53:15,924 [ INFO ] [pringBootTestContextBootstrapper ] - Found @SpringBootConfiguration com.sanda.chrome.ChromeJodFinderApplication for test class com.sanda.chrome.ProviderTest
2017-09-14 22:53:15,934 [ INFO ] [pringBootTestContextBootstrapper ] - Loaded default TestExecutionListener class names from location [META-INF/spring.factories]: [org.springframework.boot.test.mock.mockito.MockitoTestExecutionListener, org.springframework.boot.test.mock.mockito.ResetMocksTestExecutionListener, org.springframework.boot.test.autoconfigure.restdocs.RestDocsTestExecutionListener, org.springframework.boot.test.autoconfigure.web.client.MockRestServiceServerResetTestExecutionListener, org.springframework.boot.test.autoconfigure.web.servlet.MockMvcPrintOnlyOnFailureTestExecutionListener, org.springframework.boot.test.autoconfigure.web.servlet.WebDriverTestExecutionListener, org.springframework.test.context.web.ServletTestExecutionListener, org.springframework.test.context.support.DirtiesContextBeforeModesTestExecutionListener, org.springframework.test.context.support.DependencyInjectionTestExecutionListener, org.springframework.test.context.support.DirtiesContextTestExecutionListener, org.springframework.test.context.transaction.TransactionalTestExecutionListener, org.springframework.test.context.jdbc.SqlScriptsTestExecutionListener]
2017-09-14 22:53:15,953 [ INFO ] [pringBootTestContextBootstrapper ] - Using TestExecutionListeners: [org.springframework.test.context.web.ServletTestExecutionListener@746fd19b, org.springframework.test.context.support.DirtiesContextBeforeModesTestExecutionListener@54caeadc, org.springframework.boot.test.autoconfigure.SpringBootDependencyInjectionTestExecutionListener@61d7bb61, org.springframework.test.context.support.DirtiesContextTestExecutionListener@33f81280, org.springframework.test.context.transaction.TransactionalTestExecutionListener@3991fe6d, org.springframework.test.context.jdbc.SqlScriptsTestExecutionListener@3a0e7f89, org.springframework.boot.test.autoconfigure.web.servlet.MockMvcPrintOnlyOnFailureTestExecutionListener@665ed71a, org.springframework.boot.test.mock.mockito.MockitoTestExecutionListener@15c1b543, org.springframework.boot.test.autoconfigure.web.servlet.WebDriverTestExecutionListener@23954300, org.springframework.boot.test.mock.mockito.ResetMocksTestExecutionListener@6aae82cc, org.springframework.boot.test.autoconfigure.web.client.MockRestServiceServerResetTestExecutionListener@7a587e84, org.springframework.boot.test.autoconfigure.restdocs.RestDocsTestExecutionListener@622ba721]
2017-09-14 22:53:16,054 [ INFO ] [ort.GenericWebApplicationContext ] - Closing org.springframework.web.context.support.GenericWebApplicationContext@5e403b4a: startup date [Thu Sep 14 22:52:53 EEST 2017]; root of context hierarchy
